<?xml version="1.0" encoding="UTF-8"?>
<!-- Generated by org.testng.reporters.JUnitReportReporter -->
<testsuite hostname="LAPTOP-7SCA94H3" failures="0" tests="1" name="testcases.LoginTest" time="20.074" errors="0" timestamp="2024-08-20T13:42:07 IST" skipped="0">
  <testcase classname="testcases.LoginTest" name="SignUp" time="20.074"/>
</testsuite> <!-- testcases.LoginTest -->
