<?xml version="1.0" encoding="UTF-8"?>
<!-- Generated by org.testng.reporters.JUnitReportReporter -->
<testsuite hostname="LAPTOP-7SCA94H3" failures="0" tests="1" name="testcases.SignIn" time="3.916" errors="0" timestamp="2024-08-20T18:35:24 IST" skipped="0">
  <testcase classname="testcases.SignIn" name="Sigin" time="3.916"/>
</testsuite> <!-- testcases.SignIn -->
